# JRE version: OpenJDK Runtime Environment Temurin-17.0.10+7 (17.0.10+7) (build 17.0.10+7)
# Java VM: OpenJDK 64-Bit Server VM Temurin-17.0.10+7 (17.0.10+7, mixed mode, tiered, compressed oops, compressed class ptrs, parallel gc, windows-amd64)
GC Precious Log:
 CPUs: 4 total, 4 available
 Memory: 4007M
 Large Page Support: Disabled
 NUMA Support: Disabled
 Compressed Oops: Enabled (32-bit)
 Alignments: Space 512K, Generation 512K, Heap 2M
 Heap Min Capacity: 100M
 Heap Initial Capacity: 100M
 Heap Max Capacity: 1G
 Pre-touch: Disabled
 Parallel Workers: 4
Heap:
 PSYoungGen      total 4608K, used 3310K [0x00000000eab00000, 0x00000000eb300000, 0x0000000100000000)
  eden space 1024K, 7% used [0x00000000eab00000,0x00000000eab130d8,0x00000000eac00000)
  from space 3584K, 90% used [0x00000000eac00000,0x00000000eaf28800,0x00000000eaf80000)
  to   space 3584K, 0% used [0x00000000eaf80000,0x00000000eaf80000,0x00000000eb300000)
 ParOldGen       total 258048K, used 246688K [0x00000000c0000000, 0x00000000cfc00000, 0x00000000eab00000)
  object space 258048K, 95% used [0x00000000c0000000,0x00000000cf0e81b0,0x00000000cfc00000)
 Metaspace       used 90501K, committed 91712K, reserved 1179648K
  class space    used 9101K, committed 9600K, reserved 1048576K
GC Heap History (20 events):
Event: 3450.915 GC heap before
{Heap before GC invocations=3049 (full 58):
 PSYoungGen      total 4096K, used 4000K [0x00000000eab00000, 0x00000000eb200000, 0x0000000100000000)
  eden space 1024K, 100% used [0x00000000eab00000,0x00000000eac00000,0x00000000eac00000)
  from space 3072K, 96% used [0x00000000eac00000,0x00000000eaee8010,0x00000000eaf00000)
  to   space 3072K, 0% used [0x00000000eaf00000,0x00000000eaf00000,0x00000000eb200000)
 ParOldGen       total 258048K, used 244080K [0x00000000c0000000, 0x00000000cfc00000, 0x00000000eab00000)
  object space 258048K, 94% used [0x00000000c0000000,0x00000000cee5c260,0x00000000cfc00000)
 Metaspace       used 90466K, committed 91648K, reserved 1179648K
  class space    used 9101K, committed 9600K, reserved 1048576K
}
Event: 3450.930 GC heap after
{Heap after GC invocations=3049 (full 58):
 PSYoungGen      total 4096K, used 3008K [0x00000000eab00000, 0x00000000eb200000, 0x0000000100000000)
  eden space 1024K, 0% used [0x00000000eab00000,0x00000000eab00000,0x00000000eac00000)
  from space 3072K, 97% used [0x00000000eaf00000,0x00000000eb1f0010,0x00000000eb200000)
  to   space 3072K, 0% used [0x00000000eac00000,0x00000000eac00000,0x00000000eaf00000)
 ParOldGen       total 258048K, used 244368K [0x00000000c0000000, 0x00000000cfc00000, 0x00000000eab00000)
  object space 258048K, 94% used [0x00000000c0000000,0x00000000ceea4280,0x00000000cfc00000)
 Metaspace       used 90466K, committed 91648K, reserved 1179648K
  class space    used 9101K, committed 9600K, reserved 1048576K
}
Event: 3451.904 GC heap before
{Heap before GC invocations=3050 (full 58):
 PSYoungGen      total 4096K, used 4032K [0x00000000eab00000, 0x00000000eb200000, 0x0000000100000000)
  eden space 1024K, 100% used [0x00000000eab00000,0x00000000eac00000,0x00000000eac00000)
  from space 3072K, 97% used [0x00000000eaf00000,0x00000000eb1f0010,0x00000000eb200000)
  to   space 3072K, 0% used [0x00000000eac00000,0x00000000eac00000,0x00000000eaf00000)
 ParOldGen       total 258048K, used 244368K [0x00000000c0000000, 0x00000000cfc00000, 0x00000000eab00000)
  object space 258048K, 94% used [0x00000000c0000000,0x00000000ceea4280,0x00000000cfc00000)
 Metaspace       used 90466K, committed 91648K, reserved 1179648K
  class space    used 9101K, committed 9600K, reserved 1048576K
}
Event: 3451.913 GC heap after
{Heap after GC invocations=3050 (full 58):
 PSYoungGen      total 4096K, used 3056K [0x00000000eab00000, 0x00000000eb300000, 0x0000000100000000)
  eden space 1024K, 0% used [0x00000000eab00000,0x00000000eab00000,0x00000000eac00000)
  from space 3072K, 99% used [0x00000000eac00000,0x00000000eaefc040,0x00000000eaf00000)
  to   space 3584K, 0% used [0x00000000eaf80000,0x00000000eaf80000,0x00000000eb300000)
 ParOldGen       total 258048K, used 244661K [0x00000000c0000000, 0x00000000cfc00000, 0x00000000eab00000)
  object space 258048K, 94% used [0x00000000c0000000,0x00000000ceeed718,0x00000000cfc00000)
 Metaspace       used 90466K, committed 91648K, reserved 1179648K
  class space    used 9101K, committed 9600K, reserved 1048576K
}
Event: 3452.136 GC heap before
{Heap before GC invocations=3051 (full 58):
 PSYoungGen      total 4096K, used 4080K [0x00000000eab00000, 0x00000000eb300000, 0x0000000100000000)
  eden space 1024K, 100% used [0x00000000eab00000,0x00000000eac00000,0x00000000eac00000)
  from space 3072K, 99% used [0x00000000eac00000,0x00000000eaefc040,0x00000000eaf00000)
  to   space 3584K, 0% used [0x00000000eaf80000,0x00000000eaf80000,0x00000000eb300000)
 ParOldGen       total 258048K, used 244661K [0x00000000c0000000, 0x00000000cfc00000, 0x00000000eab00000)
  object space 258048K, 94% used [0x00000000c0000000,0x00000000ceeed718,0x00000000cfc00000)
 Metaspace       used 90467K, committed 91648K, reserved 1179648K
  class space    used 9101K, committed 9600K, reserved 1048576K
}
Event: 3452.144 GC heap after
{Heap after GC invocations=3051 (full 58):
 PSYoungGen      total 4096K, used 2720K [0x00000000eab00000, 0x00000000eb280000, 0x0000000100000000)
  eden space 1024K, 0% used [0x00000000eab00000,0x00000000eab00000,0x00000000eac00000)
  from space 3072K, 88% used [0x00000000eaf80000,0x00000000eb228020,0x00000000eb280000)
  to   space 3072K, 0% used [0x00000000eac00000,0x00000000eac00000,0x00000000eaf00000)
 ParOldGen       total 258048K, used 245284K [0x00000000c0000000, 0x00000000cfc00000, 0x00000000eab00000)
  object space 258048K, 95% used [0x00000000c0000000,0x00000000cef89380,0x00000000cfc00000)
 Metaspace       used 90467K, committed 91648K, reserved 1179648K
  class space    used 9101K, committed 9600K, reserved 1048576K
}
Event: 3452.181 GC heap before
{Heap before GC invocations=3052 (full 58):
 PSYoungGen      total 4096K, used 3744K [0x00000000eab00000, 0x00000000eb280000, 0x0000000100000000)
  eden space 1024K, 100% used [0x00000000eab00000,0x00000000eac00000,0x00000000eac00000)
  from space 3072K, 88% used [0x00000000eaf80000,0x00000000eb228020,0x00000000eb280000)
  to   space 3072K, 0% used [0x00000000eac00000,0x00000000eac00000,0x00000000eaf00000)
 ParOldGen       total 258048K, used 245284K [0x00000000c0000000, 0x00000000cfc00000, 0x00000000eab00000)
  object space 258048K, 95% used [0x00000000c0000000,0x00000000cef89380,0x00000000cfc00000)
 Metaspace       used 90467K, committed 91648K, reserved 1179648K
  class space    used 9101K, committed 9600K, reserved 1048576K
}
Event: 3452.187 GC heap after
{Heap after GC invocations=3052 (full 58):
 PSYoungGen      total 4096K, used 3056K [0x00000000eab00000, 0x00000000eb380000, 0x0000000100000000)
  eden space 1024K, 0% used [0x00000000eab00000,0x00000000eab00000,0x00000000eac00000)
  from space 3072K, 99% used [0x00000000eac00000,0x00000000eaefc010,0x00000000eaf00000)
  to   space 3584K, 0% used [0x00000000eb000000,0x00000000eb000000,0x00000000eb380000)
 ParOldGen       total 258048K, used 245340K [0x00000000c0000000, 0x00000000cfc00000, 0x00000000eab00000)
  object space 258048K, 95% used [0x00000000c0000000,0x00000000cef97390,0x00000000cfc00000)
 Metaspace       used 90467K, committed 91648K, reserved 1179648K
  class space    used 9101K, committed 9600K, reserved 1048576K
}
Event: 3452.469 GC heap before
{Heap before GC invocations=3053 (full 58):
 PSYoungGen      total 4096K, used 4080K [0x00000000eab00000, 0x00000000eb380000, 0x0000000100000000)
  eden space 1024K, 100% used [0x00000000eab00000,0x00000000eac00000,0x00000000eac00000)
  from space 3072K, 99% used [0x00000000eac00000,0x00000000eaefc010,0x00000000eaf00000)
  to   space 3584K, 0% used [0x00000000eb000000,0x00000000eb000000,0x00000000eb380000)
 ParOldGen       total 258048K, used 245340K [0x00000000c0000000, 0x00000000cfc00000, 0x00000000eab00000)
  object space 258048K, 95% used [0x00000000c0000000,0x00000000cef97390,0x00000000cfc00000)
 Metaspace       used 90486K, committed 91712K, reserved 1179648K
  class space    used 9101K, committed 9600K, reserved 1048576K
}
Event: 3452.476 GC heap after
{Heap after GC invocations=3053 (full 58):
 PSYoungGen      total 4608K, used 3200K [0x00000000eab00000, 0x00000000eb380000, 0x0000000100000000)
  eden space 1024K, 0% used [0x00000000eab00000,0x00000000eab00000,0x00000000eac00000)
  from space 3584K, 89% used [0x00000000eb000000,0x00000000eb320020,0x00000000eb380000)
  to   space 3584K, 0% used [0x00000000eac80000,0x00000000eac80000,0x00000000eb000000)
 ParOldGen       total 258048K, used 245396K [0x00000000c0000000, 0x00000000cfc00000, 0x00000000eab00000)
  object space 258048K, 95% used [0x00000000c0000000,0x00000000cefa5390,0x00000000cfc00000)
 Metaspace       used 90486K, committed 91712K, reserved 1179648K
  class space    used 9101K, committed 9600K, reserved 1048576K
}
Event: 3453.610 GC heap before
{Heap before GC invocations=3054 (full 58):
 PSYoungGen      total 4608K, used 4224K [0x00000000eab00000, 0x00000000eb380000, 0x0000000100000000)
  eden space 1024K, 100% used [0x00000000eab00000,0x00000000eac00000,0x00000000eac00000)
  from space 3584K, 89% used [0x00000000eb000000,0x00000000eb320020,0x00000000eb380000)
  to   space 3584K, 0% used [0x00000000eac80000,0x00000000eac80000,0x00000000eb000000)
 ParOldGen       total 258048K, used 245396K [0x00000000c0000000, 0x00000000cfc00000, 0x00000000eab00000)
  object space 258048K, 95% used [0x00000000c0000000,0x00000000cefa5390,0x00000000cfc00000)
 Metaspace       used 90488K, committed 91712K, reserved 1179648K
  class space    used 9101K, committed 9600K, reserved 1048576K
}
Event: 3453.620 GC heap after
{Heap after GC invocations=3054 (full 58):
 PSYoungGen      total 4608K, used 3488K [0x00000000eab00000, 0x00000000eb300000, 0x0000000100000000)
  eden space 1024K, 0% used [0x00000000eab00000,0x00000000eab00000,0x00000000eac00000)
  from space 3584K, 97% used [0x00000000eac80000,0x00000000eafe8020,0x00000000eb000000)
  to   space 3072K, 0% used [0x00000000eb000000,0x00000000eb000000,0x00000000eb300000)
 ParOldGen       total 258048K, used 245396K [0x00000000c0000000, 0x00000000cfc00000, 0x00000000eab00000)
  object space 258048K, 95% used [0x00000000c0000000,0x00000000cefa5390,0x00000000cfc00000)
 Metaspace       used 90488K, committed 91712K, reserved 1179648K
  class space    used 9101K, committed 9600K, reserved 1048576K
}
Event: 3454.074 GC heap before
{Heap before GC invocations=3055 (full 58):
 PSYoungGen      total 4608K, used 4511K [0x00000000eab00000, 0x00000000eb300000, 0x0000000100000000)
  eden space 1024K, 99% used [0x00000000eab00000,0x00000000eabfffd8,0x00000000eac00000)
  from space 3584K, 97% used [0x00000000eac80000,0x00000000eafe8020,0x00000000eb000000)
  to   space 3072K, 0% used [0x00000000eb000000,0x00000000eb000000,0x00000000eb300000)
 ParOldGen       total 258048K, used 245396K [0x00000000c0000000, 0x00000000cfc00000, 0x00000000eab00000)
  object space 258048K, 95% used [0x00000000c0000000,0x00000000cefa5390,0x00000000cfc00000)
 Metaspace       used 90491K, committed 91712K, reserved 1179648K
  class space    used 9101K, committed 9600K, reserved 1048576K
}
Event: 3454.083 GC heap after
{Heap after GC invocations=3055 (full 58):
 PSYoungGen      total 4096K, used 3040K [0x00000000eab00000, 0x00000000eb400000, 0x0000000100000000)
  eden space 1024K, 0% used [0x00000000eab00000,0x00000000eab00000,0x00000000eac00000)
  from space 3072K, 98% used [0x00000000eb000000,0x00000000eb2f8020,0x00000000eb300000)
  to   space 4096K, 0% used [0x00000000eac00000,0x00000000eac00000,0x00000000eb000000)
 ParOldGen       total 258048K, used 246096K [0x00000000c0000000, 0x00000000cfc00000, 0x00000000eab00000)
  object space 258048K, 95% used [0x00000000c0000000,0x00000000cf054328,0x00000000cfc00000)
 Metaspace       used 90491K, committed 91712K, reserved 1179648K
  class space    used 9101K, committed 9600K, reserved 1048576K
}
Event: 3455.009 GC heap before
{Heap before GC invocations=3056 (full 58):
 PSYoungGen      total 4096K, used 4064K [0x00000000eab00000, 0x00000000eb400000, 0x0000000100000000)
  eden space 1024K, 100% used [0x00000000eab00000,0x00000000eac00000,0x00000000eac00000)
  from space 3072K, 98% used [0x00000000eb000000,0x00000000eb2f8020,0x00000000eb300000)
  to   space 4096K, 0% used [0x00000000eac00000,0x00000000eac00000,0x00000000eb000000)
 ParOldGen       total 258048K, used 246096K [0x00000000c0000000, 0x00000000cfc00000, 0x00000000eab00000)
  object space 258048K, 95% used [0x00000000c0000000,0x00000000cf054328,0x00000000cfc00000)
 Metaspace       used 90500K, committed 91712K, reserved 1179648K
  class space    used 9101K, committed 9600K, reserved 1048576K
}
Event: 3455.018 GC heap after
{Heap after GC invocations=3056 (full 58):
 PSYoungGen      total 4096K, used 2928K [0x00000000eab00000, 0x00000000eb300000, 0x0000000100000000)
  eden space 1024K, 0% used [0x00000000eab00000,0x00000000eab00000,0x00000000eac00000)
  from space 3072K, 95% used [0x00000000eac00000,0x00000000eaedc030,0x00000000eaf00000)
  to   space 3584K, 0% used [0x00000000eaf80000,0x00000000eaf80000,0x00000000eb300000)
 ParOldGen       total 258048K, used 246480K [0x00000000c0000000, 0x00000000cfc00000, 0x00000000eab00000)
  object space 258048K, 95% used [0x00000000c0000000,0x00000000cf0b4250,0x00000000cfc00000)
 Metaspace       used 90500K, committed 91712K, reserved 1179648K
  class space    used 9101K, committed 9600K, reserved 1048576K
}
Event: 3455.745 GC heap before
{Heap before GC invocations=3057 (full 58):
 PSYoungGen      total 4096K, used 3951K [0x00000000eab00000, 0x00000000eb300000, 0x0000000100000000)
  eden space 1024K, 99% used [0x00000000eab00000,0x00000000eabfff98,0x00000000eac00000)
  from space 3072K, 95% used [0x00000000eac00000,0x00000000eaedc030,0x00000000eaf00000)
  to   space 3584K, 0% used [0x00000000eaf80000,0x00000000eaf80000,0x00000000eb300000)
 ParOldGen       total 258048K, used 246480K [0x00000000c0000000, 0x00000000cfc00000, 0x00000000eab00000)
  object space 258048K, 95% used [0x00000000c0000000,0x00000000cf0b4250,0x00000000cfc00000)
 Metaspace       used 90501K, committed 91712K, reserved 1179648K
  class space    used 9101K, committed 9600K, reserved 1048576K
}
Event: 3455.760 GC heap after
{Heap after GC invocations=3057 (full 58):
 PSYoungGen      total 4608K, used 3184K [0x00000000eab00000, 0x00000000eb300000, 0x0000000100000000)
  eden space 1024K, 0% used [0x00000000eab00000,0x00000000eab00000,0x00000000eac00000)
  from space 3584K, 88% used [0x00000000eaf80000,0x00000000eb29c030,0x00000000eb300000)
  to   space 3584K, 0% used [0x00000000eac00000,0x00000000eac00000,0x00000000eaf80000)
 ParOldGen       total 258048K, used 246480K [0x00000000c0000000, 0x00000000cfc00000, 0x00000000eab00000)
  object space 258048K, 95% used [0x00000000c0000000,0x00000000cf0b4250,0x00000000cfc00000)
 Metaspace       used 90501K, committed 91712K, reserved 1179648K
  class space    used 9101K, committed 9600K, reserved 1048576K
}
Event: 3456.544 GC heap before
{Heap before GC invocations=3058 (full 58):
 PSYoungGen      total 4608K, used 4208K [0x00000000eab00000, 0x00000000eb300000, 0x0000000100000000)
  eden space 1024K, 100% used [0x00000000eab00000,0x00000000eac00000,0x00000000eac00000)
  from space 3584K, 88% used [0x00000000eaf80000,0x00000000eb29c030,0x00000000eb300000)
  to   space 3584K, 0% used [0x00000000eac00000,0x00000000eac00000,0x00000000eaf80000)
 ParOldGen       total 258048K, used 246480K [0x00000000c0000000, 0x00000000cfc00000, 0x00000000eab00000)
  object space 258048K, 95% used [0x00000000c0000000,0x00000000cf0b4250,0x00000000cfc00000)
 Metaspace       used 90501K, committed 91712K, reserved 1179648K
  class space    used 9101K, committed 9600K, reserved 1048576K
}
Event: 3456.560 GC heap after
{Heap after GC invocations=3058 (full 58):
 PSYoungGen      total 4608K, used 3234K [0x00000000eab00000, 0x00000000eb300000, 0x0000000100000000)
  eden space 1024K, 0% used [0x00000000eab00000,0x00000000eab00000,0x00000000eac00000)
  from space 3584K, 90% used [0x00000000eac00000,0x00000000eaf28800,0x00000000eaf80000)
  to   space 3584K, 0% used [0x00000000eaf80000,0x00000000eaf80000,0x00000000eb300000)
 ParOldGen       total 258048K, used 246688K [0x00000000c0000000, 0x00000000cfc00000, 0x00000000eab00000)
  object space 258048K, 95% used [0x00000000c0000000,0x00000000cf0e81b0,0x00000000cfc00000)
 Metaspace       used 90501K, committed 91712K, reserved 1179648K
  class space    used 9101K, committed 9600K, reserved 1048576K
}

